<?xml version="1.0" encoding="UTF-8"?>
<!-- Generated by org.testng.reporters.JUnitXMLReporter -->
<testsuite ignored="0" hostname="LAPTOP-VVVHD96G" failures="0" tests="7" name="OrangeHRMLive Test Cases" time="104.624" errors="0" timestamp="2021-11-15T00:09:17 IST">
  <testcase classname="com.orangeHRMLive.qa.testcases.LoginPageTest" name="loginTestPage" time="4.057"/>
  <testcase classname="com.orangeHRMLive.qa.testcases.DashboardPageTest" name="verifyCorrectLandingHomePage" time="1.452"/>
  <testcase classname="com.orangeHRMLive.qa.testcases.DashboardPageTest" name="verifyNotAssignedToSubunits" time="0.038"/>
  <testcase classname="com.orangeHRMLive.qa.testcases.DashboardPageTest" name="verifyAdministration" time="1.503"/>
  <testcase classname="com.orangeHRMLive.qa.testcases.DashboardPageTest" name="signOut" time="1.295"/>
  <testcase classname="com.orangeHRMLive.qa.testcases.AssignLeavePageTest" name="veryfyAssignmentLeaveLebel" time="0.212"/>
  <testcase classname="com.orangeHRMLive.qa.testcases.LeaveListPageTest" name="veryfyLeaveListLebel" time="0.524"/>
</testsuite> <!-- OrangeHRMLive Test Cases -->
